INFO 24-09-2023 10:22:38 autoreload Watching for file changes with StatReloader
INFO 24-09-2023 10:24:21 autoreload C:\Users\ersho\PycharmProjects\gb_django_1\home\home\settings.py changed, reloading.
INFO 24-09-2023 10:27:17 autoreload Watching for file changes with StatReloader
ERROR 24-09-2023 10:27:29 log Internal Server Error: /h2shop/iv/
Traceback (most recent call last):
  File "C:\Users\ersho\PycharmProjects\gb_django_1\venv\Lib\site-packages\django\core\handlers\exception.py", line 55, in inner
    response = get_response(request)
               ^^^^^^^^^^^^^^^^^^^^^
  File "C:\Users\ersho\PycharmProjects\gb_django_1\venv\Lib\site-packages\django\core\handlers\base.py", line 197, in _get_response
    response = wrapped_callback(request, *callback_args, **callback_kwargs)
               ^^^^^^^^^^^^^^^^^^^^^^^^^^^^^^^^^^^^^^^^^^^^^^^^^^^^^^^^^^^^
  File "C:\Users\ersho\PycharmProjects\gb_django_1\home\home2shopapp\views.py", line 20, in is_visible
    if data['id']:
       ~~~~^^^^^^
TypeError: string indices must be integers, not 'str'
ERROR 24-09-2023 10:27:29 basehttp "GET /h2shop/iv/?id=1&is_visible=0 HTTP/1.1" 500 65965
INFO 24-09-2023 10:30:18 autoreload C:\Users\ersho\PycharmProjects\gb_django_1\home\home2shopapp\views.py changed, reloading.
INFO 24-09-2023 10:30:19 autoreload Watching for file changes with StatReloader
INFO 24-09-2023 10:30:22 basehttp "GET /h2shop/iv/?id=1&is_visible=0 HTTP/1.1" 200 84
INFO 24-09-2023 10:31:14 autoreload C:\Users\ersho\PycharmProjects\gb_django_1\home\home2shopapp\views.py changed, reloading.
INFO 24-09-2023 10:32:12 autoreload Watching for file changes with StatReloader
INFO 24-09-2023 11:07:45 autoreload C:\Users\ersho\PycharmProjects\gb_django_1\home\home2shopapp\views.py changed, reloading.
INFO 24-09-2023 11:07:46 autoreload Watching for file changes with StatReloader
INFO 24-09-2023 11:07:49 basehttp "GET /h2shop/ HTTP/1.1" 200 208
INFO 24-09-2023 11:09:06 autoreload C:\Users\ersho\PycharmProjects\gb_django_1\home\home2shopapp\views.py changed, reloading.
INFO 24-09-2023 11:09:06 autoreload Watching for file changes with StatReloader
INFO 24-09-2023 11:09:07 basehttp "GET /h2shop/ HTTP/1.1" 200 127
INFO 24-09-2023 11:15:14 autoreload C:\Users\ersho\PycharmProjects\gb_django_1\home\home2shopapp\views.py changed, reloading.
INFO 24-09-2023 11:15:14 autoreload Watching for file changes with StatReloader
INFO 24-09-2023 11:17:23 autoreload C:\Users\ersho\PycharmProjects\gb_django_1\home\home2shopapp\views.py changed, reloading.
INFO 24-09-2023 11:17:24 autoreload Watching for file changes with StatReloader
WARNING 24-09-2023 11:17:33 log Not Found: /h2shop/del_product/1&confirm=yes
WARNING 24-09-2023 11:17:33 basehttp "GET /h2shop/del_product/1&confirm=yes HTTP/1.1" 404 4311
WARNING 24-09-2023 11:17:52 log Not Found: /h2shop/del/1&confirm=yes
WARNING 24-09-2023 11:17:52 basehttp "GET /h2shop/del/1&confirm=yes HTTP/1.1" 404 4287
INFO 24-09-2023 11:18:10 basehttp "GET /h2shop/del/1?confirm=yes HTTP/1.1" 200 34
INFO 24-09-2023 11:18:56 autoreload C:\Users\ersho\PycharmProjects\gb_django_1\home\home2shopapp\views.py changed, reloading.
INFO 24-09-2023 11:18:56 autoreload Watching for file changes with StatReloader
INFO 24-09-2023 11:20:25 autoreload C:\Users\ersho\PycharmProjects\gb_django_1\home\home2shopapp\models.py changed, reloading.
INFO 24-09-2023 11:20:26 autoreload Watching for file changes with StatReloader
INFO 24-09-2023 11:25:44 autoreload Watching for file changes with StatReloader
INFO 24-09-2023 11:25:47 basehttp "GET /h2shop/ HTTP/1.1" 200 246
INFO 24-09-2023 11:28:42 autoreload C:\Users\ersho\PycharmProjects\gb_django_1\home\home2shopapp\views.py changed, reloading.
INFO 24-09-2023 11:28:42 autoreload Watching for file changes with StatReloader
INFO 24-09-2023 11:29:45 autoreload C:\Users\ersho\PycharmProjects\gb_django_1\home\home2shopapp\models.py changed, reloading.
INFO 24-09-2023 11:29:45 autoreload Watching for file changes with StatReloader
INFO 24-09-2023 11:29:47 basehttp "GET /h2shop/ HTTP/1.1" 200 258
INFO 24-09-2023 11:30:06 basehttp "GET /h2shop/del/8 HTTP/1.1" 200 67
INFO 24-09-2023 11:30:32 basehttp "GET /h2shop/iv/?id=8&is_visible=1 HTTP/1.1" 200 110
INFO 24-09-2023 11:30:40 basehttp "GET /h2shop/ HTTP/1.1" 200 258
